c:\users\simun\source\repos\breakout\breakout\x64\debug\vc141.pdb
c:\users\simun\source\repos\breakout\breakout\x64\debug\vc141.idb
c:\users\simun\source\repos\breakout\breakout\x64\debug\xmlloader.obj
c:\users\simun\source\repos\breakout\breakout\x64\debug\wall.obj
c:\users\simun\source\repos\breakout\breakout\x64\debug\tinyxml2.obj
c:\users\simun\source\repos\breakout\breakout\x64\debug\texturemanager.obj
c:\users\simun\source\repos\breakout\breakout\x64\debug\text.obj
c:\users\simun\source\repos\breakout\breakout\x64\debug\sound.obj
c:\users\simun\source\repos\breakout\breakout\x64\debug\scenemanager.obj
c:\users\simun\source\repos\breakout\breakout\x64\debug\player.obj
c:\users\simun\source\repos\breakout\breakout\x64\debug\main.obj
c:\users\simun\source\repos\breakout\breakout\x64\debug\level.obj
c:\users\simun\source\repos\breakout\breakout\x64\debug\gameobject.obj
c:\users\simun\source\repos\breakout\breakout\x64\debug\game.obj
c:\users\simun\source\repos\breakout\breakout\x64\debug\bricktypes.obj
c:\users\simun\source\repos\breakout\breakout\x64\debug\brick.obj
c:\users\simun\source\repos\breakout\breakout\x64\debug\boxcollider.obj
c:\users\simun\source\repos\breakout\breakout\x64\debug\ball.obj
c:\users\simun\source\repos\breakout\x64\debug\breakout.ilk
c:\users\simun\source\repos\breakout\x64\debug\breakout.exe
c:\users\simun\source\repos\breakout\x64\debug\breakout.pdb
c:\users\simun\source\repos\breakout\breakout\x64\debug\breakout.tlog\cl.command.1.tlog
c:\users\simun\source\repos\breakout\breakout\x64\debug\breakout.tlog\cl.read.1.tlog
c:\users\simun\source\repos\breakout\breakout\x64\debug\breakout.tlog\cl.write.1.tlog
c:\users\simun\source\repos\breakout\breakout\x64\debug\breakout.tlog\link.command.1.tlog
c:\users\simun\source\repos\breakout\breakout\x64\debug\breakout.tlog\link.read.1.tlog
c:\users\simun\source\repos\breakout\breakout\x64\debug\breakout.tlog\link.write.1.tlog
